<?xml version="1.0" encoding="UTF-8"?>
<!-- Generated by org.testng.reporters.JUnitReportReporter -->
<testsuite skipped="0" hostname="LAPTOP-KL4N5VGH" name="Academy.HomePage" tests="2" failures="0" timestamp="03 Sep 2020 19:28:31 GMT" time="18.300" errors="0">
  <testcase name="basePageNavigation" time="7.117" classname="Academy.HomePage"/>
  <testcase name="basePageNavigation" time="11.183" classname="Academy.HomePage"/>
</testsuite> <!-- Academy.HomePage -->
