<?xml version="1.0" encoding="UTF-8"?>
<!-- Generated by org.testng.reporters.JUnitReportReporter -->
<testsuite skipped="0" hostname="LAPTOP-KL4N5VGH" name="Academy.VerifyingProductName" tests="1" failures="0" timestamp="04 Sep 2020 02:54:18 GMT" time="1.129" errors="0">
  <testcase name="verifyProductName" time="1.129" classname="Academy.VerifyingProductName"/>
</testsuite> <!-- Academy.VerifyingProductName -->
