<?xml version="1.0" encoding="UTF-8"?>
<!-- Generated by org.testng.reporters.JUnitReportReporter -->
<testsuite skipped="0" hostname="LAPTOP-KL4N5VGH" name="Academy.VerifyingShopButton" tests="1" failures="0" timestamp="25 Sep 2020 17:03:25 GMT" time="0.055" errors="0">
  <testcase name="verifyShopButtonDisplay" time="0.055" classname="Academy.VerifyingShopButton"/>
</testsuite> <!-- Academy.VerifyingShopButton -->
