<?xml version="1.0" encoding="UTF-8"?>
<!-- Generated by org.testng.reporters.JUnitReportReporter -->
<testsuite skipped="0" hostname="LAPTOP-KL4N5VGH" name="Academy.VerifyingProductName" tests="1" failures="0" timestamp="25 Sep 2020 17:03:25 GMT" time="1.077" errors="0">
  <testcase name="verifyProductName" time="1.077" classname="Academy.VerifyingProductName"/>
</testsuite> <!-- Academy.VerifyingProductName -->
