<?xml version="1.0" encoding="UTF-8"?>
<!-- Generated by org.testng.reporters.JUnitReportReporter -->
<testsuite skipped="0" hostname="LAPTOP-KL4N5VGH" name="Academy.HomePage" tests="2" failures="0" timestamp="30 Aug 2020 09:36:52 GMT" time="19.530" errors="0">
  <testcase name="basePageNavigation" time="11.843" classname="Academy.HomePage"/>
  <testcase name="basePageNavigation" time="7.687" classname="Academy.HomePage"/>
</testsuite> <!-- Academy.HomePage -->
