<?xml version="1.0" encoding="UTF-8"?>
<!-- Generated by org.testng.reporters.JUnitReportReporter -->
<testsuite skipped="0" hostname="LAPTOP-KL4N5VGH" name="Academy.validateNavigationBar" tests="1" failures="0" timestamp="30 Aug 2020 09:36:52 GMT" time="0.091" errors="0">
  <testcase name="basePageNavigation" time="0.091" classname="Academy.validateNavigationBar"/>
</testsuite> <!-- Academy.validateNavigationBar -->
