<?xml version="1.0" encoding="UTF-8"?>
<!-- Generated by org.testng.reporters.JUnitReportReporter -->
<testsuite skipped="0" hostname="LAPTOP-KL4N5VGH" name="Academy.HomePageLogo" tests="1" failures="0" timestamp="04 Sep 2020 02:55:28 GMT" time="0.072" errors="0">
  <testcase name="homePageLogoVerification" time="0.072" classname="Academy.HomePageLogo"/>
</testsuite> <!-- Academy.HomePageLogo -->
